<component name="libraryTable">
  <library name="junit-41">
    <CLASSES>
      <root url="file://F:/Java/Libraries/junit-4.12" />
    </CLASSES>
    <JAVADOC />
    <SOURCES />
    <jarDirectory url="file://F:/Java/Libraries/junit-4.12" recursive="false" />
  </library>
</component>